2022-11-02 16:59:47,276 INFO  [Log] Navigated to site 
2022-11-02 16:59:58,178 INFO  [Log] User login completed and verified 
2022-11-02 16:59:58,457 INFO  [Log] Searched for the product 
2022-11-02 17:00:09,758 INFO  [Log] The product is chosen and added to cart 
2022-11-02 17:00:13,489 INFO  [Log] Navigated to cart and verified that product is correct and sellers are different 
2022-11-02 17:00:17,426 INFO  [Log] Navigated to site 
2022-11-02 17:00:17,775 INFO  [Log] Searched for the product 
2022-11-02 17:00:27,632 INFO  [Log] The product is chosen and added to cart  
2022-11-02 17:00:31,392 INFO  [Log] Navigated to cart and verified that product is correct and sellers are different 
2022-11-02 23:28:21,320 INFO  [Log] Navigated to site 
2022-11-02 23:28:31,239 INFO  [Log] User login completed and verified 
2022-11-02 23:28:31,510 INFO  [Log] Searched for the product 
2022-11-02 23:28:41,584 INFO  [Log] The product is chosen and added to cart 
2022-11-02 23:28:45,171 INFO  [Log] Navigated to cart and verified that product is correct and sellers are different 
2022-11-02 23:28:48,249 INFO  [Log] Navigated to site 
2022-11-02 23:28:48,754 INFO  [Log] Searched for the product 
2022-11-02 23:29:26,485 INFO  [Log] Navigated to site 
2022-11-02 23:29:49,801 INFO  [Log] Navigated to site 
2022-11-02 23:29:59,730 INFO  [Log] User login completed and verified 
2022-11-02 23:29:59,962 INFO  [Log] Searched for the product 
2022-11-02 23:30:09,795 INFO  [Log] The product is chosen and added to cart 
2022-11-02 23:30:13,320 INFO  [Log] Navigated to cart and verified that product is correct and sellers are different 
2022-11-02 23:30:17,096 INFO  [Log] Navigated to site 
2022-11-02 23:30:17,396 INFO  [Log] Searched for the product 
2022-11-02 23:30:26,749 INFO  [Log] The product is chosen and added to cart  
2022-11-02 23:30:30,376 INFO  [Log] Navigated to cart and verified that product is correct and sellers are different 
2022-11-03 13:27:21,101 INFO  [Log] Navigated to site 
2022-11-03 13:27:32,102 INFO  [Log] User login completed and verified 
2022-11-03 13:27:32,335 INFO  [Log] Searched for the product 
2022-11-03 13:27:42,642 INFO  [Log] The product is chosen and added to cart 
2022-11-03 13:27:46,460 INFO  [Log] Navigated to cart and verified that product is correct and sellers are different 
2022-11-03 13:27:50,117 INFO  [Log] Navigated to site 
2022-11-03 13:27:50,385 INFO  [Log] Searched for the product 
2022-11-03 13:27:59,815 INFO  [Log] The product is chosen and added to cart  
2022-11-03 13:28:03,437 INFO  [Log] Navigated to cart and verified that product is correct and sellers are different 
2022-11-04 00:57:34,927 INFO  [Log] Navigated to site 
2022-11-04 00:57:45,802 INFO  [Log] User login completed and verified 
2022-11-04 00:57:46,021 INFO  [Log] Searched for the product 
2022-11-04 00:57:55,641 INFO  [Log] The product is chosen and added to cart 
2022-11-04 00:58:02,283 INFO  [Log] Navigated to site 
2022-11-04 00:58:02,657 INFO  [Log] Searched for the product 
2022-11-04 01:00:09,307 INFO  [Log] Navigated to site 
2022-11-04 01:00:19,466 INFO  [Log] User login completed and verified 
2022-11-04 01:00:19,673 INFO  [Log] Searched for the product 
2022-11-04 01:00:29,777 INFO  [Log] The product is chosen and added to cart 
2022-11-04 01:00:33,521 INFO  [Log] Navigated to cart and verified that product is correct and sellers are different 
2022-11-04 01:00:36,923 INFO  [Log] Navigated to site 
2022-11-04 01:00:37,375 INFO  [Log] Searched for the product 
2022-11-04 01:00:47,409 INFO  [Log] The product is chosen and added to cart  
2022-11-04 01:00:50,944 INFO  [Log] Navigated to cart and verified that product is correct and sellers are different 
2022-11-04 01:01:08,961 INFO  [Log] Navigated to site 
2022-11-04 01:01:20,979 INFO  [Log] User login completed and verified 
2022-11-04 01:01:21,292 INFO  [Log] Searched for the product 
2022-11-04 01:01:33,710 INFO  [Log] The product is chosen and added to cart 
2022-11-04 01:01:37,325 INFO  [Log] Navigated to cart and verified that product is correct and sellers are different 
2022-11-04 01:01:41,063 INFO  [Log] Navigated to site 
2022-11-04 01:01:41,369 INFO  [Log] Searched for the product 
2022-11-04 01:01:51,129 INFO  [Log] The product is chosen and added to cart  
2022-11-04 01:01:54,662 INFO  [Log] Navigated to cart and verified that product is correct and sellers are different 
